0 info it worked if it ends with ok
1 verbose cli [ '/usr/local/bin/node', '/usr/local/bin/npm', 'run', 'test' ]
2 info using npm@3.10.8
3 info using node@v6.9.1
4 verbose run-script [ 'pretest', 'test', 'posttest' ]
5 info lifecycle Beer-api@0.0.1~pretest: Beer-api@0.0.1
6 silly lifecycle Beer-api@0.0.1~pretest: no script for pretest, continuing
7 info lifecycle Beer-api@0.0.1~test: Beer-api@0.0.1
8 verbose lifecycle Beer-api@0.0.1~test: unsafe-perm in lifecycle true
9 verbose lifecycle Beer-api@0.0.1~test: PATH: /usr/local/lib/node_modules/npm/bin/node-gyp-bin:/Users/tmachielsen/Sites/beer_api/node_modules/.bin:/Library/Frameworks/Python.framework/Versions/3.6/bin:/Users/tmachielsen/.Pokemon-Terminal:/Users/tmachielsen/.yarn/bin:/Library/Frameworks/Python.framework/Versions/2.7/bin:/usr/local/bin:/usr/bin:/bin:/usr/sbin:/sbin:/usr/local/share/dotnet
10 verbose lifecycle Beer-api@0.0.1~test: CWD: /Users/tmachielsen/Sites/beer_api
11 silly lifecycle Beer-api@0.0.1~test: Args: [ '-c', 'jest' ]
12 silly lifecycle Beer-api@0.0.1~test: Returned: code: 1  signal: null
13 info lifecycle Beer-api@0.0.1~test: Failed to exec test script
14 verbose stack Error: Beer-api@0.0.1 test: `jest`
14 verbose stack Exit status 1
14 verbose stack     at EventEmitter.<anonymous> (/usr/local/lib/node_modules/npm/lib/utils/lifecycle.js:255:16)
14 verbose stack     at emitTwo (events.js:106:13)
14 verbose stack     at EventEmitter.emit (events.js:191:7)
14 verbose stack     at ChildProcess.<anonymous> (/usr/local/lib/node_modules/npm/lib/utils/spawn.js:40:14)
14 verbose stack     at emitTwo (events.js:106:13)
14 verbose stack     at ChildProcess.emit (events.js:191:7)
14 verbose stack     at maybeClose (internal/child_process.js:877:16)
14 verbose stack     at Process.ChildProcess._handle.onexit (internal/child_process.js:226:5)
15 verbose pkgid Beer-api@0.0.1
16 verbose cwd /Users/tmachielsen/Sites/beer_api
17 error Darwin 17.3.0
18 error argv "/usr/local/bin/node" "/usr/local/bin/npm" "run" "test"
19 error node v6.9.1
20 error npm  v3.10.8
21 error code ELIFECYCLE
22 error Beer-api@0.0.1 test: `jest`
22 error Exit status 1
23 error Failed at the Beer-api@0.0.1 test script 'jest'.
23 error Make sure you have the latest version of node.js and npm installed.
23 error If you do, this is most likely a problem with the Beer-api package,
23 error not with npm itself.
23 error Tell the author that this fails on your system:
23 error     jest
23 error You can get information on how to open an issue for this project with:
23 error     npm bugs Beer-api
23 error Or if that isn't available, you can get their info via:
23 error     npm owner ls Beer-api
23 error There is likely additional logging output above.
24 verbose exit [ 1, true ]
